11-01-2025 12:28:06 [info]: Главное окно загружено
11-01-2025 12:28:15 [info]: Выбор файла
11-01-2025 12:28:19 [info]: Выбранный файл: C:\Users\Seeubleed\Desktop\repsys_validation_1275_2025_01_10.xlsx
11-01-2025 12:28:19 [info]: no columns found: "validator_Причина"
11-01-2025 12:28:19 [info]: skipping
11-01-2025 12:28:19 [info]: no columns found: "validator_Причина по стоимости"
11-01-2025 12:28:19 [info]: skipping
11-01-2025 12:28:19 [info]: no columns found: "reason_by_validator"
11-01-2025 12:28:19 [info]: skipping
11-01-2025 12:28:21 [info]: Приложение завершено
11-01-2025 12:28:30 [info]: Главное окно загружено
11-01-2025 12:28:30 [info]: Выбор файла
11-01-2025 12:28:32 [info]: Выбранный файл: C:\Users\Seeubleed\Desktop\repsys_validation_1275_2025_01_10.xlsx
11-01-2025 12:28:32 [info]: no columns found: "validator_Причина"
11-01-2025 12:28:32 [info]: skipping
11-01-2025 12:28:32 [info]: no columns found: "validator_Причина по стоимости"
11-01-2025 12:28:32 [info]: skipping
11-01-2025 12:28:32 [info]: no columns found: "reason_by_validator"
11-01-2025 12:28:32 [info]: skipping
11-01-2025 12:28:33 [info]: Колонки 12, 11, 8, 7, 6, 5 успешно удалены.
11-01-2025 12:28:33 [info]: trying to save a temp file
11-01-2025 12:28:33 [info]: temp file saved: C:\Users\SEEUBL~1\AppData\Local\Temp\temp_1736580513152.xlsx
11-01-2025 12:28:33 [info]: trying to save
11-01-2025 12:28:34 [info]: Файл успешно обработан и сохранён в C:\Users\Seeubleed\Desktop\table_11 01 2025  12 28 33.xlsx
11-01-2025 12:28:47 [info]: Приложение завершено
11-01-2025 12:38:08 [info]: Главное окно загружено
11-01-2025 12:38:09 [info]: Выбор файла
11-01-2025 12:38:12 [info]: Выбранный файл: C:\Users\Seeubleed\Desktop\repsys_validation_1275_2025_01_10.xlsx
11-01-2025 12:38:12 [info]: no columns found: "validator_Причина"
11-01-2025 12:38:12 [info]: skipping
11-01-2025 12:38:12 [info]: no columns found: "validator_Причина по стоимости"
11-01-2025 12:38:12 [info]: skipping
11-01-2025 12:38:12 [info]: no columns found: "reason_by_validator"
11-01-2025 12:38:12 [info]: skipping
11-01-2025 12:38:12 [info]: Колонки 12, 11, 8, 7, 6, 5 успешно удалены.
11-01-2025 12:38:12 [info]: trying to save a temp file
11-01-2025 12:38:12 [info]: temp file saved: C:\Users\SEEUBL~1\AppData\Local\Temp\temp_1736581092402.xlsx
11-01-2025 12:38:12 [info]: trying to save
11-01-2025 12:38:13 [info]: Файл успешно обработан и сохранён в C:\Users\Seeubleed\Desktop\table_11 01 2025  12 38 12.xlsx
11-01-2025 12:38:15 [info]: Приложение завершено
11-01-2025 12:38:20 [info]: Главное окно загружено
11-01-2025 12:38:22 [info]: Выбор файла
11-01-2025 12:38:24 [info]: Файл не был выбран
11-01-2025 12:38:27 [info]: Выбор файла
11-01-2025 12:38:29 [info]: Выбранный файл: C:\Users\Seeubleed\Desktop\repsys_validation_1275_2025_01_10.xlsx
11-01-2025 12:38:29 [info]: no columns found: "validator_Причина"
11-01-2025 12:38:29 [info]: skipping
11-01-2025 12:38:29 [info]: no columns found: "validator_Причина по стоимости"
11-01-2025 12:38:29 [info]: skipping
11-01-2025 12:38:29 [info]: no columns found: "reason_by_validator"
11-01-2025 12:38:29 [info]: skipping
11-01-2025 12:38:29 [info]: Колонки 12, 11, 8, 7, 6, 5 успешно удалены.
11-01-2025 12:38:29 [info]: trying to save a temp file
11-01-2025 12:38:30 [info]: temp file saved: C:\Users\SEEUBL~1\AppData\Local\Temp\temp_1736581109872.xlsx
11-01-2025 12:38:30 [info]: trying to save
11-01-2025 12:38:30 [info]: Файл успешно обработан и сохранён в C:\Users\Seeubleed\Desktop\table_11 01 2025  12 38 30.xlsx
11-01-2025 12:38:41 [info]: Приложение завершено
11-01-2025 12:42:00 [info]: Главное окно загружено
11-01-2025 12:42:03 [info]: Выбор файла
11-01-2025 12:42:05 [info]: Выбранный файл: C:\Users\Seeubleed\Desktop\repsys_validation_1275_2025_01_10.xlsx
11-01-2025 12:42:05 [info]: no columns found: "validator_Причина"
11-01-2025 12:42:05 [info]: skipping
11-01-2025 12:42:05 [info]: no columns found: "validator_Причина по стоимости"
11-01-2025 12:42:05 [info]: skipping
11-01-2025 12:42:05 [info]: no columns found: "reason_by_validator"
11-01-2025 12:42:05 [info]: skipping
11-01-2025 12:42:05 [info]: Колонки 12, 11, 8, 7, 6, 5 успешно удалены.
11-01-2025 12:42:05 [info]: trying to save a temp file
11-01-2025 12:42:05 [info]: temp file saved: C:\Users\SEEUBL~1\AppData\Local\Temp\temp_1736581325312.xlsx
11-01-2025 12:42:05 [info]: trying to save
11-01-2025 12:42:06 [info]: Файл успешно обработан и сохранён в C:\Users\Seeubleed\Desktop\table_11 01 2025  12 42 05.xlsx
11-01-2025 12:46:00 [info]: Приложение завершено
11-01-2025 13:01:26 [info]: Главное окно загружено
11-01-2025 13:01:27 [info]: Выбор файла
11-01-2025 13:01:29 [info]: Выбранный файл: C:\Users\Seeubleed\Desktop\repsys_validation_1275_2025_01_10.xlsx
11-01-2025 13:01:29 [info]: no columns found: "validator_Причина"
11-01-2025 13:01:29 [info]: skipping
11-01-2025 13:01:29 [info]: no columns found: "validator_Причина по стоимости"
11-01-2025 13:01:29 [info]: skipping
11-01-2025 13:01:29 [info]: no columns found: "reason_by_validator"
11-01-2025 13:01:29 [info]: skipping
11-01-2025 13:01:29 [info]: Колонки 12, 11, 8, 7, 6, 5 успешно удалены.
11-01-2025 13:01:29 [info]: trying to save a temp file
11-01-2025 13:01:29 [info]: temp file saved: C:\Users\SEEUBL~1\AppData\Local\Temp\temp_1736582489614.xlsx
11-01-2025 13:01:29 [info]: trying to save
11-01-2025 13:01:30 [info]: Файл успешно обработан и сохранён в C:\Users\Seeubleed\Desktop\table_11 01 2025  13 01 29.xlsx
11-01-2025 13:01:32 [info]: Приложение завершено
